<?xml version="1.0" encoding="UTF-8"?>
<coverage generated="1783943410973" clover="3.2.0">
  <project timestamp="1783943410973" name="All files">
    <metrics statements="53" coveredstatements="23" conditionals="16" coveredconditionals="2" methods="33" coveredmethods="14" elements="102" coveredelements="39" complexity="0" loc="53" ncloc="53" packages="1" files="5" classes="5"/>
    <file name="Constants.ts" path="C:\_data\01-Dev2026\vase-creator-studio\src\khnum\math\Constants.ts">
      <metrics statements="5" coveredstatements="5" conditionals="0" coveredconditionals="0" methods="0" coveredmethods="0"/>
      <line num="5" count="2" type="stmt"/>
      <line num="7" count="2" type="stmt"/>
      <line num="9" count="2" type="stmt"/>
      <line num="11" count="2" type="stmt"/>
      <line num="13" count="2" type="stmt"/>
    </file>
    <file name="MathUtils.ts" path="C:\_data\01-Dev2026\vase-creator-studio\src\khnum\math\MathUtils.ts">
      <metrics statements="10" coveredstatements="0" conditionals="3" coveredconditionals="0" methods="8" coveredmethods="7"/>
      <line num="16" count="0" type="stmt"/>
      <line num="26" count="0" type="stmt"/>
      <line num="36" count="0" type="cond" truecount="0" falsecount="2"/>
      <line num="38" count="0" type="stmt"/>
      <line num="42" count="0" type="stmt"/>
      <line num="48" count="0" type="stmt"/>
      <line num="54" count="0" type="stmt"/>
      <line num="64" count="0" type="stmt"/>
      <line num="73" count="0" type="stmt"/>
      <line num="75" count="0" type="stmt"/>
    </file>
    <file name="Vector2.ts" path="C:\_data\01-Dev2026\vase-creator-studio\src\khnum\math\Vector2.ts">
      <metrics statements="20" coveredstatements="11" conditionals="6" coveredconditionals="2" methods="12" coveredmethods="5"/>
      <line num="7" count="2" type="stmt"/>
      <line num="9" count="2" type="stmt"/>
      <line num="13" count="10" type="stmt"/>
      <line num="15" count="10" type="stmt"/>
      <line num="21" count="1" type="stmt"/>
      <line num="30" count="0" type="stmt"/>
      <line num="39" count="0" type="stmt"/>
      <line num="48" count="1" type="cond" truecount="1" falsecount="1"/>
      <line num="50" count="0" type="stmt"/>
      <line num="54" count="1" type="stmt"/>
      <line num="63" count="0" type="stmt"/>
      <line num="70" count="2" type="stmt"/>
      <line num="79" count="1" type="stmt"/>
      <line num="81" count="1" type="cond" truecount="1" falsecount="1"/>
      <line num="83" count="0" type="stmt"/>
      <line num="87" count="1" type="stmt"/>
      <line num="93" count="0" type="stmt"/>
      <line num="102" count="0" type="stmt"/>
      <line num="114" count="0" type="cond" truecount="0" falsecount="2"/>
      <line num="121" count="0" type="stmt"/>
    </file>
    <file name="Vector3.ts" path="C:\_data\01-Dev2026\vase-creator-studio\src\khnum\math\Vector3.ts">
      <metrics statements="18" coveredstatements="7" conditionals="7" coveredconditionals="0" methods="13" coveredmethods="2"/>
      <line num="2" count="2" type="stmt"/>
      <line num="3" count="2" type="stmt"/>
      <line num="4" count="2" type="stmt"/>
      <line num="5" count="2" type="stmt"/>
      <line num="6" count="2" type="stmt"/>
      <line num="7" count="14" type="stmt"/>
      <line num="8" count="1" type="stmt"/>
      <line num="9" count="0" type="stmt"/>
      <line num="10" count="0" type="stmt"/>
      <line num="11" count="0" type="cond" truecount="0" falsecount="2"/>
      <line num="12" count="0" type="stmt"/>
      <line num="13" count="0" type="stmt"/>
      <line num="14" count="0" type="stmt"/>
      <line num="15" count="0" type="cond" truecount="0" falsecount="2"/>
      <line num="16" count="0" type="stmt"/>
      <line num="17" count="0" type="stmt"/>
      <line num="18" count="0" type="cond" truecount="0" falsecount="3"/>
      <line num="19" count="0" type="stmt"/>
    </file>
    <file name="index.ts" path="C:\_data\01-Dev2026\vase-creator-studio\src\khnum\math\index.ts">
      <metrics statements="0" coveredstatements="0" conditionals="0" coveredconditionals="0" methods="0" coveredmethods="0"/>
    </file>
  </project>
</coverage>
