{"C:\\_data\\01-Dev2026\\vase-creator-studio\\src\\khnum\\math\\Constants.ts": {"path":"C:\\_data\\01-Dev2026\\vase-creator-studio\\src\\khnum\\math\\Constants.ts","statementMap":{"0":{"start":{"line":5,"column":23},"end":{"line":5,"column":null}},"1":{"start":{"line":7,"column":19},"end":{"line":7,"column":null}},"2":{"start":{"line":9,"column":23},"end":{"line":9,"column":null}},"3":{"start":{"line":11,"column":26},"end":{"line":11,"column":null}},"4":{"start":{"line":13,"column":26},"end":{"line":13,"column":null}}},"fnMap":{},"branchMap":{},"s":{"0":2,"1":2,"2":2,"3":2,"4":2},"f":{},"b":{},"meta":{"lastBranch":0,"lastFunction":0,"lastStatement":5,"seen":{"s:5:23:5:Infinity":0,"s:7:19:7:Infinity":1,"s:9:23:9:Infinity":2,"s:11:26:11:Infinity":3,"s:13:26:13:Infinity":4},"fnNames":{}}}
,"C:\\_data\\01-Dev2026\\vase-creator-studio\\src\\khnum\\math\\MathUtils.ts": {"path":"C:\\_data\\01-Dev2026\\vase-creator-studio\\src\\khnum\\math\\MathUtils.ts","statementMap":{"0":{"start":{"line":16,"column":8},"end":{"line":16,"column":null}},"1":{"start":{"line":26,"column":8},"end":{"line":26,"column":null}},"2":{"start":{"line":36,"column":8},"end":{"line":40,"column":null}},"3":{"start":{"line":38,"column":12},"end":{"line":38,"column":null}},"4":{"start":{"line":42,"column":8},"end":{"line":42,"column":null}},"5":{"start":{"line":48,"column":8},"end":{"line":48,"column":null}},"6":{"start":{"line":54,"column":8},"end":{"line":54,"column":null}},"7":{"start":{"line":64,"column":8},"end":{"line":64,"column":null}},"8":{"start":{"line":73,"column":23},"end":{"line":73,"column":null}},"9":{"start":{"line":75,"column":8},"end":{"line":75,"column":null}}},"fnMap":{"0":{"name":"constructor","decl":{"start":{"line":8,"column":4},"end":{"line":8,"column":12}},"loc":{"start":{"line":8,"column":26},"end":{"line":8,"column":null}},"line":8},"1":{"name":"clamp","decl":{"start":{"line":10,"column":18},"end":{"line":10,"column":null}},"loc":{"start":{"line":14,"column":14},"end":{"line":18,"column":null}},"line":14},"2":{"name":"lerp","decl":{"start":{"line":20,"column":18},"end":{"line":20,"column":null}},"loc":{"start":{"line":24,"column":14},"end":{"line":28,"column":null}},"line":24},"3":{"name":"inverseLerp","decl":{"start":{"line":30,"column":18},"end":{"line":30,"column":null}},"loc":{"start":{"line":34,"column":14},"end":{"line":44,"column":null}},"line":34},"4":{"name":"degToRad","decl":{"start":{"line":46,"column":18},"end":{"line":46,"column":27}},"loc":{"start":{"line":46,"column":52},"end":{"line":50,"column":null}},"line":46},"5":{"name":"radToDeg","decl":{"start":{"line":52,"column":18},"end":{"line":52,"column":27}},"loc":{"start":{"line":52,"column":52},"end":{"line":56,"column":null}},"line":52},"6":{"name":"almostEqual","decl":{"start":{"line":58,"column":18},"end":{"line":58,"column":null}},"loc":{"start":{"line":62,"column":15},"end":{"line":66,"column":null}},"line":62},"7":{"name":"roundTo","decl":{"start":{"line":68,"column":18},"end":{"line":68,"column":null}},"loc":{"start":{"line":71,"column":14},"end":{"line":77,"column":null}},"line":71}},"branchMap":{"0":{"loc":{"start":{"line":36,"column":8},"end":{"line":40,"column":null}},"type":"if","locations":[{"start":{"line":36,"column":8},"end":{"line":40,"column":null}},{"start":{},"end":{}}],"line":36},"1":{"loc":{"start":{"line":61,"column":8},"end":{"line":61,"column":null}},"type":"default-arg","locations":[{"start":{"line":61,"column":26},"end":{"line":61,"column":null}}],"line":61}},"s":{"0":0,"1":0,"2":0,"3":0,"4":0,"5":0,"6":0,"7":0,"8":0,"9":0},"f":{"0":0,"1":2,"2":2,"3":2,"4":2,"5":2,"6":2,"7":2},"b":{"0":[0,0],"1":[0]},"meta":{"lastBranch":2,"lastFunction":8,"lastStatement":10,"seen":{"f:8:4:8:12":0,"f:10:18:10:Infinity":1,"s:16:8:16:Infinity":0,"f:20:18:20:Infinity":2,"s:26:8:26:Infinity":1,"f:30:18:30:Infinity":3,"b:36:8:40:Infinity:undefined:undefined:undefined:undefined":0,"s:36:8:40:Infinity":2,"s:38:12:38:Infinity":3,"s:42:8:42:Infinity":4,"f:46:18:46:27":4,"s:48:8:48:Infinity":5,"f:52:18:52:27":5,"s:54:8:54:Infinity":6,"f:58:18:58:Infinity":6,"b:61:26:61:Infinity":1,"s:64:8:64:Infinity":7,"f:68:18:68:Infinity":7,"s:73:23:73:Infinity":8,"s:75:8:75:Infinity":9},"fnNames":{}}}
,"C:\\_data\\01-Dev2026\\vase-creator-studio\\src\\khnum\\math\\Vector2.ts": {"path":"C:\\_data\\01-Dev2026\\vase-creator-studio\\src\\khnum\\math\\Vector2.ts","statementMap":{"0":{"start":{"line":7,"column":34},"end":{"line":7,"column":null}},"1":{"start":{"line":9,"column":33},"end":{"line":9,"column":null}},"2":{"start":{"line":13,"column":24},"end":{"line":13,"column":null}},"3":{"start":{"line":15,"column":24},"end":{"line":15,"column":null}},"4":{"start":{"line":21,"column":8},"end":{"line":24,"column":null}},"5":{"start":{"line":30,"column":8},"end":{"line":33,"column":null}},"6":{"start":{"line":39,"column":8},"end":{"line":42,"column":null}},"7":{"start":{"line":48,"column":8},"end":{"line":52,"column":null}},"8":{"start":{"line":50,"column":12},"end":{"line":50,"column":null}},"9":{"start":{"line":54,"column":8},"end":{"line":57,"column":null}},"10":{"start":{"line":63,"column":8},"end":{"line":64,"column":null}},"11":{"start":{"line":70,"column":8},"end":{"line":73,"column":null}},"12":{"start":{"line":79,"column":20},"end":{"line":79,"column":null}},"13":{"start":{"line":81,"column":8},"end":{"line":85,"column":null}},"14":{"start":{"line":83,"column":12},"end":{"line":83,"column":null}},"15":{"start":{"line":87,"column":8},"end":{"line":87,"column":null}},"16":{"start":{"line":93,"column":8},"end":{"line":93,"column":null}},"17":{"start":{"line":102,"column":8},"end":{"line":108,"column":null}},"18":{"start":{"line":114,"column":8},"end":{"line":115,"column":null}},"19":{"start":{"line":121,"column":8},"end":{"line":124,"column":null}}},"fnMap":{"0":{"name":"constructor","decl":{"start":{"line":11,"column":4},"end":{"line":11,"column":null}},"loc":{"start":{"line":17,"column":6},"end":{"line":17,"column":null}},"line":17},"1":{"name":"add","decl":{"start":{"line":19,"column":4},"end":{"line":19,"column":11}},"loc":{"start":{"line":19,"column":40},"end":{"line":26,"column":null}},"line":19},"2":{"name":"subtract","decl":{"start":{"line":28,"column":4},"end":{"line":28,"column":11}},"loc":{"start":{"line":28,"column":45},"end":{"line":35,"column":null}},"line":28},"3":{"name":"multiplyScalar","decl":{"start":{"line":37,"column":4},"end":{"line":37,"column":11}},"loc":{"start":{"line":37,"column":51},"end":{"line":44,"column":null}},"line":37},"4":{"name":"divideScalar","decl":{"start":{"line":46,"column":4},"end":{"line":46,"column":11}},"loc":{"start":{"line":46,"column":49},"end":{"line":59,"column":null}},"line":46},"5":{"name":"dot","decl":{"start":{"line":61,"column":4},"end":{"line":61,"column":11}},"loc":{"start":{"line":61,"column":39},"end":{"line":66,"column":null}},"line":61},"6":{"name":"length","decl":{"start":{"line":68,"column":4},"end":{"line":68,"column":11}},"loc":{"start":{"line":68,"column":28},"end":{"line":75,"column":null}},"line":68},"7":{"name":"normalize","decl":{"start":{"line":77,"column":4},"end":{"line":77,"column":11}},"loc":{"start":{"line":77,"column":32},"end":{"line":89,"column":null}},"line":77},"8":{"name":"distanceTo","decl":{"start":{"line":91,"column":4},"end":{"line":91,"column":11}},"loc":{"start":{"line":91,"column":46},"end":{"line":95,"column":null}},"line":91},"9":{"name":"lerp","decl":{"start":{"line":97,"column":4},"end":{"line":97,"column":11}},"loc":{"start":{"line":100,"column":15},"end":{"line":110,"column":null}},"line":100},"10":{"name":"equals","decl":{"start":{"line":112,"column":4},"end":{"line":112,"column":11}},"loc":{"start":{"line":112,"column":43},"end":{"line":117,"column":null}},"line":112},"11":{"name":"toArray","decl":{"start":{"line":119,"column":4},"end":{"line":119,"column":11}},"loc":{"start":{"line":119,"column":39},"end":{"line":126,"column":null}},"line":119}},"branchMap":{"0":{"loc":{"start":{"line":48,"column":8},"end":{"line":52,"column":null}},"type":"if","locations":[{"start":{"line":48,"column":8},"end":{"line":52,"column":null}},{"start":{},"end":{}}],"line":48},"1":{"loc":{"start":{"line":81,"column":8},"end":{"line":85,"column":null}},"type":"if","locations":[{"start":{"line":81,"column":8},"end":{"line":85,"column":null}},{"start":{},"end":{}}],"line":81},"2":{"loc":{"start":{"line":114,"column":15},"end":{"line":115,"column":null}},"type":"binary-expr","locations":[{"start":{"line":114,"column":15},"end":{"line":114,"column":null}},{"start":{"line":115,"column":12},"end":{"line":115,"column":null}}],"line":114}},"s":{"0":2,"1":2,"2":10,"3":10,"4":1,"5":0,"6":0,"7":1,"8":0,"9":1,"10":0,"11":2,"12":1,"13":1,"14":0,"15":1,"16":0,"17":0,"18":0,"19":0},"f":{"0":10,"1":1,"2":0,"3":0,"4":1,"5":0,"6":2,"7":1,"8":0,"9":0,"10":0,"11":0},"b":{"0":[0,1],"1":[0,1],"2":[0,0]},"meta":{"lastBranch":3,"lastFunction":12,"lastStatement":20,"seen":{"s:7:34:7:Infinity":0,"s:9:33:9:Infinity":1,"f:11:4:11:Infinity":0,"s:13:24:13:Infinity":2,"s:15:24:15:Infinity":3,"f:19:4:19:11":1,"s:21:8:24:Infinity":4,"f:28:4:28:11":2,"s:30:8:33:Infinity":5,"f:37:4:37:11":3,"s:39:8:42:Infinity":6,"f:46:4:46:11":4,"b:48:8:52:Infinity:undefined:undefined:undefined:undefined":0,"s:48:8:52:Infinity":7,"s:50:12:50:Infinity":8,"s:54:8:57:Infinity":9,"f:61:4:61:11":5,"s:63:8:64:Infinity":10,"f:68:4:68:11":6,"s:70:8:73:Infinity":11,"f:77:4:77:11":7,"s:79:20:79:Infinity":12,"b:81:8:85:Infinity:undefined:undefined:undefined:undefined":1,"s:81:8:85:Infinity":13,"s:83:12:83:Infinity":14,"s:87:8:87:Infinity":15,"f:91:4:91:11":8,"s:93:8:93:Infinity":16,"f:97:4:97:11":9,"s:102:8:108:Infinity":17,"f:112:4:112:11":10,"s:114:8:115:Infinity":18,"b:114:15:114:Infinity:115:12:115:Infinity":2,"f:119:4:119:11":11,"s:121:8:124:Infinity":19},"fnNames":{}}}
,"C:\\_data\\01-Dev2026\\vase-creator-studio\\src\\khnum\\math\\Vector3.ts": {"path":"C:\\_data\\01-Dev2026\\vase-creator-studio\\src\\khnum\\math\\Vector3.ts","statementMap":{"0":{"start":{"line":2,"column":21},"end":{"line":2,"column":null}},"1":{"start":{"line":3,"column":20},"end":{"line":3,"column":null}},"2":{"start":{"line":4,"column":23},"end":{"line":4,"column":null}},"3":{"start":{"line":5,"column":23},"end":{"line":5,"column":null}},"4":{"start":{"line":6,"column":23},"end":{"line":6,"column":null}},"5":{"start":{"line":7,"column":28},"end":{"line":7,"column":37}},"6":{"start":{"line":7,"column":53},"end":{"line":7,"column":62}},"7":{"start":{"line":7,"column":78},"end":{"line":7,"column":87}},"8":{"start":{"line":8,"column":15},"end":{"line":8,"column":68}},"9":{"start":{"line":9,"column":20},"end":{"line":9,"column":73}},"10":{"start":{"line":10,"column":25},"end":{"line":10,"column":72}},"11":{"start":{"line":11,"column":23},"end":{"line":11,"column":68}},"12":{"start":{"line":11,"column":32},"end":{"line":11,"column":68}},"13":{"start":{"line":11,"column":68},"end":{"line":11,"column":115}},"14":{"start":{"line":12,"column":15},"end":{"line":12,"column":55}},"15":{"start":{"line":13,"column":17},"end":{"line":13,"column":103}},"16":{"start":{"line":14,"column":9},"end":{"line":14,"column":49}},"17":{"start":{"line":15,"column":20},"end":{"line":15,"column":34}},"18":{"start":{"line":15,"column":34},"end":{"line":15,"column":81}},"19":{"start":{"line":16,"column":22},"end":{"line":16,"column":55}},"20":{"start":{"line":17,"column":25},"end":{"line":17,"column":111}},"21":{"start":{"line":18,"column":18},"end":{"line":18,"column":66}},"22":{"start":{"line":19,"column":33},"end":{"line":19,"column":63}}},"fnMap":{"0":{"name":"constructor","decl":{"start":{"line":7,"column":0},"end":{"line":7,"column":12}},"loc":{"start":{"line":7,"column":87},"end":{"line":7,"column":null}},"line":7},"1":{"name":"add","decl":{"start":{"line":8,"column":0},"end":{"line":8,"column":4}},"loc":{"start":{"line":8,"column":14},"end":{"line":8,"column":null}},"line":8},"2":{"name":"subtract","decl":{"start":{"line":9,"column":0},"end":{"line":9,"column":9}},"loc":{"start":{"line":9,"column":19},"end":{"line":9,"column":null}},"line":9},"3":{"name":"multiplyScalar","decl":{"start":{"line":10,"column":0},"end":{"line":10,"column":15}},"loc":{"start":{"line":10,"column":24},"end":{"line":10,"column":null}},"line":10},"4":{"name":"divideScalar","decl":{"start":{"line":11,"column":0},"end":{"line":11,"column":13}},"loc":{"start":{"line":11,"column":22},"end":{"line":11,"column":null}},"line":11},"5":{"name":"dot","decl":{"start":{"line":12,"column":0},"end":{"line":12,"column":4}},"loc":{"start":{"line":12,"column":14},"end":{"line":12,"column":null}},"line":12},"6":{"name":"cross","decl":{"start":{"line":13,"column":0},"end":{"line":13,"column":6}},"loc":{"start":{"line":13,"column":16},"end":{"line":13,"column":null}},"line":13},"7":{"name":"length","decl":{"start":{"line":14,"column":0},"end":{"line":14,"column":8}},"loc":{"start":{"line":14,"column":8},"end":{"line":14,"column":null}},"line":14},"8":{"name":"normalize","decl":{"start":{"line":15,"column":0},"end":{"line":15,"column":11}},"loc":{"start":{"line":15,"column":11},"end":{"line":15,"column":null}},"line":15},"9":{"name":"distanceTo","decl":{"start":{"line":16,"column":0},"end":{"line":16,"column":11}},"loc":{"start":{"line":16,"column":21},"end":{"line":16,"column":null}},"line":16},"10":{"name":"lerp","decl":{"start":{"line":17,"column":0},"end":{"line":17,"column":5}},"loc":{"start":{"line":17,"column":24},"end":{"line":17,"column":null}},"line":17},"11":{"name":"equals","decl":{"start":{"line":18,"column":0},"end":{"line":18,"column":7}},"loc":{"start":{"line":18,"column":17},"end":{"line":18,"column":null}},"line":18},"12":{"name":"toArray","decl":{"start":{"line":19,"column":0},"end":{"line":19,"column":32}},"loc":{"start":{"line":19,"column":32},"end":{"line":19,"column":null}},"line":19}},"branchMap":{"0":{"loc":{"start":{"line":11,"column":23},"end":{"line":11,"column":68}},"type":"if","locations":[{"start":{"line":11,"column":23},"end":{"line":11,"column":68}},{"start":{},"end":{}}],"line":11},"1":{"loc":{"start":{"line":15,"column":41},"end":{"line":15,"column":81}},"type":"cond-expr","locations":[{"start":{"line":15,"column":47},"end":{"line":15,"column":60}},{"start":{"line":15,"column":60},"end":{"line":15,"column":81}}],"line":15},"2":{"loc":{"start":{"line":18,"column":25},"end":{"line":18,"column":66}},"type":"binary-expr","locations":[{"start":{"line":18,"column":25},"end":{"line":18,"column":39}},{"start":{"line":18,"column":39},"end":{"line":18,"column":53}},{"start":{"line":18,"column":53},"end":{"line":18,"column":66}}],"line":18}},"s":{"0":2,"1":2,"2":2,"3":2,"4":2,"5":14,"6":14,"7":14,"8":1,"9":0,"10":0,"11":0,"12":0,"13":0,"14":0,"15":0,"16":0,"17":0,"18":0,"19":0,"20":0,"21":0,"22":0},"f":{"0":14,"1":1,"2":0,"3":0,"4":0,"5":0,"6":0,"7":0,"8":0,"9":0,"10":0,"11":0,"12":0},"b":{"0":[0,0],"1":[0,0],"2":[0,0,0]},"meta":{"lastBranch":3,"lastFunction":13,"lastStatement":23,"seen":{"s:2:21:2:Infinity":0,"s:3:20:3:Infinity":1,"s:4:23:4:Infinity":2,"s:5:23:5:Infinity":3,"s:6:23:6:Infinity":4,"f:7:0:7:12":0,"s:7:28:7:37":5,"s:7:53:7:62":6,"s:7:78:7:87":7,"f:8:0:8:4":1,"s:8:15:8:68":8,"f:9:0:9:9":2,"s:9:20:9:73":9,"f:10:0:10:15":3,"s:10:25:10:72":10,"f:11:0:11:13":4,"b:11:23:11:68:undefined:undefined:undefined:undefined":0,"s:11:23:11:68":11,"s:11:32:11:68":12,"s:11:68:11:115":13,"f:12:0:12:4":5,"s:12:15:12:55":14,"f:13:0:13:6":6,"s:13:17:13:103":15,"f:14:0:14:8":7,"s:14:9:14:49":16,"f:15:0:15:11":8,"s:15:20:15:34":17,"s:15:34:15:81":18,"b:15:47:15:60:15:60:15:81":1,"f:16:0:16:11":9,"s:16:22:16:55":19,"f:17:0:17:5":10,"s:17:25:17:111":20,"f:18:0:18:7":11,"s:18:18:18:66":21,"b:18:25:18:39:18:39:18:53:18:53:18:66":2,"f:19:0:19:32":12,"s:19:33:19:63":22},"fnNames":{}}}
,"C:\\_data\\01-Dev2026\\vase-creator-studio\\src\\khnum\\math\\index.ts": {"path":"C:\\_data\\01-Dev2026\\vase-creator-studio\\src\\khnum\\math\\index.ts","statementMap":{},"fnMap":{},"branchMap":{},"s":{},"f":{},"b":{},"meta":{"lastBranch":0,"lastFunction":0,"lastStatement":0,"seen":{},"fnNames":{}}}
}
